<?xml version="1.0" encoding="UTF-8"?>
<!-- Generated by org.testng.reporters.JUnitXMLReporter -->
<testsuite ignored="0" hostname="AnnieSneha" failures="0" tests="5" name="Default test" time="8.036" errors="0" timestamp="2024-09-09T15:24:34 IST">
  <testcase classname="restAssured.Hook" name="scheduleHook" time="4.444"/>
  <testcase classname="restAssured.Hook" name="getHook" time="0.869"/>
  <testcase classname="restAssured.Hook" name="getID" time="0.877"/>
  <testcase classname="restAssured.Hook" name="updateHook" time="0.872"/>
  <testcase classname="restAssured.Hook" name="deleteID" time="0.821"/>
</testsuite> <!-- Default test -->
