<?xml version="1.0" encoding="UTF-8"?>
<testng-results ignored="0" total="5" passed="5" failed="0" skipped="0">
  <reporter-output>
  </reporter-output>
  <suite started-at="2024-09-09T15:24:26 IST" name="Default suite" finished-at="2024-09-09T15:24:34 IST" duration-ms="8036">
    <groups>
    </groups>
    <test started-at="2024-09-09T15:24:26 IST" name="Default test" finished-at="2024-09-09T15:24:34 IST" duration-ms="8036">
      <class name="restAssured.Hook">
        <test-method signature="scheduleHook()[pri:0, instance:restAssured.Hook@25641d39]" started-at="2024-09-09T15:24:26 IST" name="scheduleHook" finished-at="2024-09-09T15:24:30 IST" duration-ms="4444" status="PASS">
          <reporter-output>
          </reporter-output>
        </test-method> <!-- scheduleHook -->
        <test-method signature="getHook()[pri:1, instance:restAssured.Hook@25641d39]" started-at="2024-09-09T15:24:30 IST" name="getHook" finished-at="2024-09-09T15:24:31 IST" duration-ms="869" status="PASS">
          <reporter-output>
          </reporter-output>
        </test-method> <!-- getHook -->
        <test-method signature="getID()[pri:2, instance:restAssured.Hook@25641d39]" started-at="2024-09-09T15:24:31 IST" name="getID" finished-at="2024-09-09T15:24:32 IST" duration-ms="877" status="PASS">
          <reporter-output>
          </reporter-output>
        </test-method> <!-- getID -->
        <test-method signature="updateHook()[pri:3, instance:restAssured.Hook@25641d39]" started-at="2024-09-09T15:24:32 IST" name="updateHook" finished-at="2024-09-09T15:24:33 IST" duration-ms="872" status="PASS">
          <reporter-output>
          </reporter-output>
        </test-method> <!-- updateHook -->
        <test-method signature="deleteID()[pri:4, instance:restAssured.Hook@25641d39]" started-at="2024-09-09T15:24:33 IST" name="deleteID" finished-at="2024-09-09T15:24:34 IST" duration-ms="821" status="PASS">
          <reporter-output>
          </reporter-output>
        </test-method> <!-- deleteID -->
      </class> <!-- restAssured.Hook -->
    </test> <!-- Default test -->
  </suite> <!-- Default suite -->
</testng-results>
